This file contains any messages produced by compilers while
running configure, to aid debugging if configure makes a mistake.

It was created by myBot configure 0.1, which was
generated by GNU Autoconf 2.69.  Invocation command line was

  $ ./configure --no-create --no-recursion

## --------- ##
## Platform. ##
## --------- ##

hostname = spidermanron
uname -m = x86_64
uname -r = 3.1.4(0.340/5/3)
uname -s = CYGWIN_NT-6.3
uname -v = 2020-02-19 08:49

/usr/bin/uname -p = unknown
/bin/uname -X     = unknown

/bin/arch              = x86_64
/usr/bin/arch -k       = unknown
/usr/convex/getsysinfo = unknown
/usr/bin/hostinfo      = unknown
/bin/machine           = unknown
/usr/bin/oslevel       = unknown
/bin/universe          = unknown

PATH: /usr/local/bin
PATH: /usr/bin
PATH: /cygdrive/c/Program Files (x86)/AMD APP/bin/x86_64
PATH: /cygdrive/c/Program Files (x86)/AMD APP/bin/x86
PATH: /cygdrive/c/WINDOWS/system32
PATH: /cygdrive/c/WINDOWS
PATH: /cygdrive/c/WINDOWS/System32/Wbem
PATH: /cygdrive/c/WINDOWS/System32/WindowsPowerShell/v1.0
PATH: /cygdrive/c/Program Files (x86)/ATI Technologies/ATI.ACE/Core-Static
PATH: /cygdrive/c/Program Files (x86)/Windows Live/Shared


## ----------- ##
## Core tests. ##
## ----------- ##

configure:2131: checking for a BSD-compatible install
configure:2199: result: /usr/bin/install -c
configure:2210: checking whether build environment is sane
configure:2265: result: yes
configure:2303: WARNING: 'missing' script is too old or missing
configure:2416: checking for a thread-safe mkdir -p
configure:2455: result: /usr/bin/mkdir -p
configure:2462: checking for gawk
configure:2478: found /usr/bin/gawk
configure:2489: result: gawk
configure:2500: checking whether make sets $(MAKE)
configure:2522: result: yes
configure:2551: checking whether make supports nested variables
configure:2568: result: yes
configure:2744: checking for gcc
configure:2760: found /usr/bin/gcc
configure:2771: result: gcc
configure:3000: checking for C compiler version
configure:3009: gcc --version >&5
gcc (GCC) 9.3.0
Copyright (C) 2019 Free Software Foundation, Inc.
This is free software; see the source for copying conditions.  There is NO
warranty; not even for MERCHANTABILITY or FITNESS FOR A PARTICULAR PURPOSE.

configure:3020: $? = 0
configure:3009: gcc -v >&5
Using built-in specs.
COLLECT_GCC=gcc
COLLECT_LTO_WRAPPER=/usr/lib/gcc/x86_64-pc-cygwin/9.3.0/lto-wrapper.exe
Target: x86_64-pc-cygwin
Configured with: /cygdrive/i/szsz/tmpp/gcc/gcc-9.3.0-1.x86_64/src/gcc-9.3.0/configure --srcdir=/cygdrive/i/szsz/tmpp/gcc/gcc-9.3.0-1.x86_64/src/gcc-9.3.0 --prefix=/usr --exec-prefix=/usr --localstatedir=/var --sysconfdir=/etc --docdir=/usr/share/doc/gcc --htmldir=/usr/share/doc/gcc/html -C --build=x86_64-pc-cygwin --host=x86_64-pc-cygwin --target=x86_64-pc-cygwin --without-libiconv-prefix --without-libintl-prefix --libexecdir=/usr/lib --enable-shared --enable-shared-libgcc --enable-static --enable-version-specific-runtime-libs --enable-bootstrap --enable-__cxa_atexit --with-dwarf2 --with-tune=generic --enable-languages=c,c++,fortran,lto,objc,obj-c++ --enable-graphite --enable-threads=posix --enable-libatomic --enable-libgomp --enable-libquadmath --enable-libquadmath-support --disable-libssp --enable-libada --disable-symvers --with-gnu-ld --with-gnu-as --with-cloog-include=/usr/include/cloog-isl --without-libiconv-prefix --without-libintl-prefix --with-system-zlib --enable-linker-build-id --with-default-libstdcxx-abi=gcc4-compatible --enable-libstdcxx-filesystem-ts
Thread model: posix
gcc version 9.3.0 (GCC) 
configure:3020: $? = 0
configure:3009: gcc -V >&5
gcc: error: unrecognized command line option '-V'
gcc: fatal error: no input files
compilation terminated.
configure:3020: $? = 1
configure:3009: gcc -qversion >&5
gcc: error: unrecognized command line option '-qversion'; did you mean '--version'?
gcc: fatal error: no input files
compilation terminated.
configure:3020: $? = 1
configure:3040: checking whether the C compiler works
configure:3062: gcc    conftest.c  >&5
configure:3066: $? = 0
configure:3114: result: yes
configure:3117: checking for C compiler default output file name
configure:3119: result: a.exe
configure:3125: checking for suffix of executables
configure:3132: gcc -o conftest.exe    conftest.c  >&5
configure:3136: $? = 0
configure:3158: result: .exe
configure:3180: checking whether we are cross compiling
configure:3188: gcc -o conftest.exe    conftest.c  >&5
configure:3192: $? = 0
configure:3199: ./conftest.exe
configure:3203: $? = 0
configure:3218: result: no
configure:3223: checking for suffix of object files
configure:3245: gcc -c   conftest.c >&5
configure:3249: $? = 0
configure:3270: result: o
configure:3274: checking whether we are using the GNU C compiler
configure:3293: gcc -c   conftest.c >&5
configure:3293: $? = 0
configure:3302: result: yes
configure:3311: checking whether gcc accepts -g
configure:3331: gcc -c -g  conftest.c >&5
configure:3331: $? = 0
configure:3372: result: yes
configure:3389: checking for gcc option to accept ISO C89
configure:3452: gcc  -c -g -O2  conftest.c >&5
configure:3452: $? = 0
configure:3465: result: none needed
configure:3490: checking whether gcc understands -c and -o together
configure:3512: gcc -c conftest.c -o conftest2.o
configure:3515: $? = 0
configure:3512: gcc -c conftest.c -o conftest2.o
configure:3515: $? = 0
configure:3527: result: yes
configure:3545: checking whether gcc and cc understand -c and -o together
configure:3576: gcc -c conftest.c -o conftest2.o >&5
configure:3580: $? = 0
configure:3586: gcc -c conftest.c -o conftest2.o >&5
configure:3590: $? = 0
configure:3601: cc -c conftest.c >&5
configure:3605: $? = 0
configure:3613: cc -c conftest.c -o conftest2.o >&5
configure:3617: $? = 0
configure:3623: cc -c conftest.c -o conftest2.o >&5
configure:3627: $? = 0
configure:3645: result: yes
configure:3656: checking whether make sets $(MAKE)
configure:3678: result: yes
configure:3730: checking for ranlib
configure:3746: found /usr/bin/ranlib
configure:3757: result: ranlib
configure:3785: checking how to run the C preprocessor
configure:3816: gcc -E  conftest.c
configure:3816: $? = 0
configure:3830: gcc -E  conftest.c
conftest.c:11:10: fatal error: ac_nonexistent.h: No such file or directory
   11 | #include <ac_nonexistent.h>
      |          ^~~~~~~~~~~~~~~~~~
compilation terminated.
configure:3830: $? = 1
configure: failed program was:
| /* confdefs.h */
| #define PACKAGE_NAME "myBot"
| #define PACKAGE_TARNAME "mybot"
| #define PACKAGE_VERSION "0.1"
| #define PACKAGE_STRING "myBot 0.1"
| #define PACKAGE_BUGREPORT "rnrbbns1983@gmail.com"
| #define PACKAGE_URL ""
| #define PACKAGE "mybot"
| #define VERSION "0.1"
| /* end confdefs.h.  */
| #include <ac_nonexistent.h>
configure:3855: result: gcc -E
configure:3875: gcc -E  conftest.c
configure:3875: $? = 0
configure:3889: gcc -E  conftest.c
conftest.c:11:10: fatal error: ac_nonexistent.h: No such file or directory
   11 | #include <ac_nonexistent.h>
      |          ^~~~~~~~~~~~~~~~~~
compilation terminated.
configure:3889: $? = 1
configure: failed program was:
| /* confdefs.h */
| #define PACKAGE_NAME "myBot"
| #define PACKAGE_TARNAME "mybot"
| #define PACKAGE_VERSION "0.1"
| #define PACKAGE_STRING "myBot 0.1"
| #define PACKAGE_BUGREPORT "rnrbbns1983@gmail.com"
| #define PACKAGE_URL ""
| #define PACKAGE "mybot"
| #define VERSION "0.1"
| /* end confdefs.h.  */
| #include <ac_nonexistent.h>
configure:3918: checking for grep that handles long lines and -e
configure:3976: result: /usr/bin/grep
configure:3981: checking for egrep
configure:4043: result: /usr/bin/grep -E
configure:4048: checking for ANSI C header files
configure:4068: gcc -c -g -O2  conftest.c >&5
configure:4068: $? = 0
configure:4141: gcc -o conftest.exe -g -O2   conftest.c  >&5
configure:4141: $? = 0
configure:4141: ./conftest.exe
configure:4141: $? = 0
configure:4152: result: yes
configure:4165: checking for sys/types.h
configure:4165: gcc -c -g -O2  conftest.c >&5
configure:4165: $? = 0
configure:4165: result: yes
configure:4165: checking for sys/stat.h
configure:4165: gcc -c -g -O2  conftest.c >&5
configure:4165: $? = 0
configure:4165: result: yes
configure:4165: checking for stdlib.h
configure:4165: gcc -c -g -O2  conftest.c >&5
configure:4165: $? = 0
configure:4165: result: yes
configure:4165: checking for string.h
configure:4165: gcc -c -g -O2  conftest.c >&5
configure:4165: $? = 0
configure:4165: result: yes
configure:4165: checking for memory.h
configure:4165: gcc -c -g -O2  conftest.c >&5
configure:4165: $? = 0
configure:4165: result: yes
configure:4165: checking for strings.h
configure:4165: gcc -c -g -O2  conftest.c >&5
configure:4165: $? = 0
configure:4165: result: yes
configure:4165: checking for inttypes.h
configure:4165: gcc -c -g -O2  conftest.c >&5
configure:4165: $? = 0
configure:4165: result: yes
configure:4165: checking for stdint.h
configure:4165: gcc -c -g -O2  conftest.c >&5
configure:4165: $? = 0
configure:4165: result: yes
configure:4165: checking for unistd.h
configure:4165: gcc -c -g -O2  conftest.c >&5
configure:4165: $? = 0
configure:4165: result: yes
configure:4178: checking minix/config.h usability
configure:4178: gcc -c -g -O2  conftest.c >&5
conftest.c:54:10: fatal error: minix/config.h: No such file or directory
   54 | #include <minix/config.h>
      |          ^~~~~~~~~~~~~~~~
compilation terminated.
configure:4178: $? = 1
configure: failed program was:
| /* confdefs.h */
| #define PACKAGE_NAME "myBot"
| #define PACKAGE_TARNAME "mybot"
| #define PACKAGE_VERSION "0.1"
| #define PACKAGE_STRING "myBot 0.1"
| #define PACKAGE_BUGREPORT "rnrbbns1983@gmail.com"
| #define PACKAGE_URL ""
| #define PACKAGE "mybot"
| #define VERSION "0.1"
| #define STDC_HEADERS 1
| #define HAVE_SYS_TYPES_H 1
| #define HAVE_SYS_STAT_H 1
| #define HAVE_STDLIB_H 1
| #define HAVE_STRING_H 1
| #define HAVE_MEMORY_H 1
| #define HAVE_STRINGS_H 1
| #define HAVE_INTTYPES_H 1
| #define HAVE_STDINT_H 1
| #define HAVE_UNISTD_H 1
| /* end confdefs.h.  */
| #include <stdio.h>
| #ifdef HAVE_SYS_TYPES_H
| # include <sys/types.h>
| #endif
| #ifdef HAVE_SYS_STAT_H
| # include <sys/stat.h>
| #endif
| #ifdef STDC_HEADERS
| # include <stdlib.h>
| # include <stddef.h>
| #else
| # ifdef HAVE_STDLIB_H
| #  include <stdlib.h>
| # endif
| #endif
| #ifdef HAVE_STRING_H
| # if !defined STDC_HEADERS && defined HAVE_MEMORY_H
| #  include <memory.h>
| # endif
| # include <string.h>
| #endif
| #ifdef HAVE_STRINGS_H
| # include <strings.h>
| #endif
| #ifdef HAVE_INTTYPES_H
| # include <inttypes.h>
| #endif
| #ifdef HAVE_STDINT_H
| # include <stdint.h>
| #endif
| #ifdef HAVE_UNISTD_H
| # include <unistd.h>
| #endif
| #include <minix/config.h>
configure:4178: result: no
configure:4178: checking minix/config.h presence
configure:4178: gcc -E  conftest.c
conftest.c:21:10: fatal error: minix/config.h: No such file or directory
   21 | #include <minix/config.h>
      |          ^~~~~~~~~~~~~~~~
compilation terminated.
configure:4178: $? = 1
configure: failed program was:
| /* confdefs.h */
| #define PACKAGE_NAME "myBot"
| #define PACKAGE_TARNAME "mybot"
| #define PACKAGE_VERSION "0.1"
| #define PACKAGE_STRING "myBot 0.1"
| #define PACKAGE_BUGREPORT "rnrbbns1983@gmail.com"
| #define PACKAGE_URL ""
| #define PACKAGE "mybot"
| #define VERSION "0.1"
| #define STDC_HEADERS 1
| #define HAVE_SYS_TYPES_H 1
| #define HAVE_SYS_STAT_H 1
| #define HAVE_STDLIB_H 1
| #define HAVE_STRING_H 1
| #define HAVE_MEMORY_H 1
| #define HAVE_STRINGS_H 1
| #define HAVE_INTTYPES_H 1
| #define HAVE_STDINT_H 1
| #define HAVE_UNISTD_H 1
| /* end confdefs.h.  */
| #include <minix/config.h>
configure:4178: result: no
configure:4178: checking for minix/config.h
configure:4178: result: no
configure:4199: checking whether it is safe to define __EXTENSIONS__
configure:4217: gcc -c -g -O2  conftest.c >&5
configure:4217: $? = 0
configure:4224: result: yes
configure:4242: checking for library containing gethostbyname
configure:4273: gcc -o conftest.exe -g -O2   conftest.c  >&5
configure:4273: $? = 0
configure:4290: result: none required
configure:4298: checking for library containing socket
configure:4329: gcc -o conftest.exe -g -O2   conftest.c  >&5
configure:4329: $? = 0
configure:4346: result: none required
configure:4401: checking errno.h usability
configure:4401: gcc -c -g -O2  conftest.c >&5
configure:4401: $? = 0
configure:4401: result: yes
configure:4401: checking errno.h presence
configure:4401: gcc -E  conftest.c
configure:4401: $? = 0
configure:4401: result: yes
configure:4401: checking for errno.h
configure:4401: result: yes
configure:4401: checking netdb.h usability
configure:4401: gcc -c -g -O2  conftest.c >&5
configure:4401: $? = 0
configure:4401: result: yes
configure:4401: checking netdb.h presence
configure:4401: gcc -E  conftest.c
configure:4401: $? = 0
configure:4401: result: yes
configure:4401: checking for netdb.h
configure:4401: result: yes
configure:4401: checking netinit/in.h usability
configure:4401: gcc -c -g -O2  conftest.c >&5
conftest.c:61:10: fatal error: netinit/in.h: No such file or directory
   61 | #include <netinit/in.h>
      |          ^~~~~~~~~~~~~~
compilation terminated.
configure:4401: $? = 1
configure: failed program was:
| /* confdefs.h */
| #define PACKAGE_NAME "myBot"
| #define PACKAGE_TARNAME "mybot"
| #define PACKAGE_VERSION "0.1"
| #define PACKAGE_STRING "myBot 0.1"
| #define PACKAGE_BUGREPORT "rnrbbns1983@gmail.com"
| #define PACKAGE_URL ""
| #define PACKAGE "mybot"
| #define VERSION "0.1"
| #define STDC_HEADERS 1
| #define HAVE_SYS_TYPES_H 1
| #define HAVE_SYS_STAT_H 1
| #define HAVE_STDLIB_H 1
| #define HAVE_STRING_H 1
| #define HAVE_MEMORY_H 1
| #define HAVE_STRINGS_H 1
| #define HAVE_INTTYPES_H 1
| #define HAVE_STDINT_H 1
| #define HAVE_UNISTD_H 1
| #define __EXTENSIONS__ 1
| #define _ALL_SOURCE 1
| #define _GNU_SOURCE 1
| #define _POSIX_PTHREAD_SEMANTICS 1
| #define _TANDEM_SOURCE 1
| #define HAVE_ERRNO_H 1
| #define HAVE_NETDB_H 1
| /* end confdefs.h.  */
| #include <stdio.h>
| #ifdef HAVE_SYS_TYPES_H
| # include <sys/types.h>
| #endif
| #ifdef HAVE_SYS_STAT_H
| # include <sys/stat.h>
| #endif
| #ifdef STDC_HEADERS
| # include <stdlib.h>
| # include <stddef.h>
| #else
| # ifdef HAVE_STDLIB_H
| #  include <stdlib.h>
| # endif
| #endif
| #ifdef HAVE_STRING_H
| # if !defined STDC_HEADERS && defined HAVE_MEMORY_H
| #  include <memory.h>
| # endif
| # include <string.h>
| #endif
| #ifdef HAVE_STRINGS_H
| # include <strings.h>
| #endif
| #ifdef HAVE_INTTYPES_H
| # include <inttypes.h>
| #endif
| #ifdef HAVE_STDINT_H
| # include <stdint.h>
| #endif
| #ifdef HAVE_UNISTD_H
| # include <unistd.h>
| #endif
| #include <netinit/in.h>
configure:4401: result: no
configure:4401: checking netinit/in.h presence
configure:4401: gcc -E  conftest.c
conftest.c:28:10: fatal error: netinit/in.h: No such file or directory
   28 | #include <netinit/in.h>
      |          ^~~~~~~~~~~~~~
compilation terminated.
configure:4401: $? = 1
configure: failed program was:
| /* confdefs.h */
| #define PACKAGE_NAME "myBot"
| #define PACKAGE_TARNAME "mybot"
| #define PACKAGE_VERSION "0.1"
| #define PACKAGE_STRING "myBot 0.1"
| #define PACKAGE_BUGREPORT "rnrbbns1983@gmail.com"
| #define PACKAGE_URL ""
| #define PACKAGE "mybot"
| #define VERSION "0.1"
| #define STDC_HEADERS 1
| #define HAVE_SYS_TYPES_H 1
| #define HAVE_SYS_STAT_H 1
| #define HAVE_STDLIB_H 1
| #define HAVE_STRING_H 1
| #define HAVE_MEMORY_H 1
| #define HAVE_STRINGS_H 1
| #define HAVE_INTTYPES_H 1
| #define HAVE_STDINT_H 1
| #define HAVE_UNISTD_H 1
| #define __EXTENSIONS__ 1
| #define _ALL_SOURCE 1
| #define _GNU_SOURCE 1
| #define _POSIX_PTHREAD_SEMANTICS 1
| #define _TANDEM_SOURCE 1
| #define HAVE_ERRNO_H 1
| #define HAVE_NETDB_H 1
| /* end confdefs.h.  */
| #include <netinit/in.h>
configure:4401: result: no
configure:4401: checking for netinit/in.h
configure:4401: result: no
configure:4401: checking sys/socket.h usability
configure:4401: gcc -c -g -O2  conftest.c >&5
configure:4401: $? = 0
configure:4401: result: yes
configure:4401: checking sys/socket.h presence
configure:4401: gcc -E  conftest.c
configure:4401: $? = 0
configure:4401: result: yes
configure:4401: checking for sys/socket.h
configure:4401: result: yes
configure:4401: checking for string.h
configure:4401: result: yes
configure:4401: checking for unistd.h
configure:4401: result: yes
configure:4523: checking that generated files are newer than configure
configure:4529: result: done
configure:4544: creating ./config.status

## ---------------- ##
## Cache variables. ##
## ---------------- ##

ac_cv_c_compiler_gnu=yes
ac_cv_env_CC_set=
ac_cv_env_CC_value=
ac_cv_env_CFLAGS_set=
ac_cv_env_CFLAGS_value=
ac_cv_env_CPPFLAGS_set=
ac_cv_env_CPPFLAGS_value=
ac_cv_env_CPP_set=
ac_cv_env_CPP_value=
ac_cv_env_LDFLAGS_set=
ac_cv_env_LDFLAGS_value=
ac_cv_env_LIBS_set=
ac_cv_env_LIBS_value=
ac_cv_env_build_alias_set=
ac_cv_env_build_alias_value=
ac_cv_env_host_alias_set=
ac_cv_env_host_alias_value=
ac_cv_env_target_alias_set=
ac_cv_env_target_alias_value=
ac_cv_exeext=.exe
ac_cv_header_errno_h=yes
ac_cv_header_inttypes_h=yes
ac_cv_header_memory_h=yes
ac_cv_header_minix_config_h=no
ac_cv_header_netdb_h=yes
ac_cv_header_netinit_in_h=no
ac_cv_header_stdc=yes
ac_cv_header_stdint_h=yes
ac_cv_header_stdlib_h=yes
ac_cv_header_string_h=yes
ac_cv_header_strings_h=yes
ac_cv_header_sys_socket_h=yes
ac_cv_header_sys_stat_h=yes
ac_cv_header_sys_types_h=yes
ac_cv_header_unistd_h=yes
ac_cv_objext=o
ac_cv_path_EGREP='/usr/bin/grep -E'
ac_cv_path_GREP=/usr/bin/grep
ac_cv_path_install='/usr/bin/install -c'
ac_cv_path_mkdir=/usr/bin/mkdir
ac_cv_prog_AWK=gawk
ac_cv_prog_CPP='gcc -E'
ac_cv_prog_ac_ct_CC=gcc
ac_cv_prog_ac_ct_RANLIB=ranlib
ac_cv_prog_cc_c89=
ac_cv_prog_cc_g=yes
ac_cv_prog_cc_gcc_c_o=yes
ac_cv_prog_make_make_set=yes
ac_cv_safe_to_define___extensions__=yes
ac_cv_search_gethostbyname='none required'
ac_cv_search_socket='none required'
am_cv_make_support_nested_variables=yes
am_cv_prog_cc_c_o=yes

## ----------------- ##
## Output variables. ##
## ----------------- ##

ACLOCAL='aclocal-1.14'
AMTAR='$${TAR-tar}'
AM_BACKSLASH='\'
AM_DEFAULT_V='$(AM_DEFAULT_VERBOSITY)'
AM_DEFAULT_VERBOSITY='1'
AM_V='$(V)'
AUTOCONF='autoconf'
AUTOHEADER='autoheader'
AUTOMAKE='automake-1.14'
AWK='gawk'
CC='gcc'
CFLAGS='-g -O2'
CPP='gcc -E'
CPPFLAGS=''
CYGPATH_W='cygpath -w'
DEFS='-DHAVE_CONFIG_H'
ECHO_C=''
ECHO_N='-n'
ECHO_T=''
EGREP='/usr/bin/grep -E'
EXEEXT='.exe'
GREP='/usr/bin/grep'
INSTALL_DATA='${INSTALL} -m 644'
INSTALL_PROGRAM='${INSTALL}'
INSTALL_SCRIPT='${INSTALL}'
INSTALL_STRIP_PROGRAM='$(install_sh) -c -s'
LDFLAGS=''
LIBOBJS=''
LIBS=''
LTLIBOBJS=''
MAKEINFO='makeinfo'
MKDIR_P='/usr/bin/mkdir -p'
OBJEXT='o'
PACKAGE='mybot'
PACKAGE_BUGREPORT='rnrbbns1983@gmail.com'
PACKAGE_NAME='myBot'
PACKAGE_STRING='myBot 0.1'
PACKAGE_TARNAME='mybot'
PACKAGE_URL=''
PACKAGE_VERSION='0.1'
PATH_SEPARATOR=':'
RANLIB='ranlib'
SET_MAKE=''
SHELL='/bin/sh'
STRIP=''
VERSION='0.1'
ac_ct_CC='gcc'
am__EXEEXT_FALSE='#'
am__EXEEXT_TRUE=''
am__isrc=''
am__leading_dot='.'
am__tar='$${TAR-tar} chof - "$$tardir"'
am__untar='$${TAR-tar} xf -'
bindir='${exec_prefix}/bin'
build_alias=''
datadir='${datarootdir}'
datarootdir='${prefix}/share'
docdir='${datarootdir}/doc/${PACKAGE_TARNAME}'
dvidir='${docdir}'
exec_prefix='${prefix}'
host_alias=''
htmldir='${docdir}'
includedir='${prefix}/include'
infodir='${datarootdir}/info'
install_sh='${SHELL} /home/Ronald/mybot/install-sh'
libdir='${exec_prefix}/lib'
libexecdir='${exec_prefix}/libexec'
localedir='${datarootdir}/locale'
localstatedir='${prefix}/var'
mandir='${datarootdir}/man'
mkdir_p='$(MKDIR_P)'
oldincludedir='/usr/include'
pdfdir='${docdir}'
prefix='/usr/local'
program_transform_name='s,x,x,'
psdir='${docdir}'
runstatedir='${localstatedir}/run'
sbindir='${exec_prefix}/sbin'
sharedstatedir='${prefix}/com'
sysconfdir='${prefix}/etc'
target_alias=''

## ----------- ##
## confdefs.h. ##
## ----------- ##

/* confdefs.h */
#define PACKAGE_NAME "myBot"
#define PACKAGE_TARNAME "mybot"
#define PACKAGE_VERSION "0.1"
#define PACKAGE_STRING "myBot 0.1"
#define PACKAGE_BUGREPORT "rnrbbns1983@gmail.com"
#define PACKAGE_URL ""
#define PACKAGE "mybot"
#define VERSION "0.1"
#define STDC_HEADERS 1
#define HAVE_SYS_TYPES_H 1
#define HAVE_SYS_STAT_H 1
#define HAVE_STDLIB_H 1
#define HAVE_STRING_H 1
#define HAVE_MEMORY_H 1
#define HAVE_STRINGS_H 1
#define HAVE_INTTYPES_H 1
#define HAVE_STDINT_H 1
#define HAVE_UNISTD_H 1
#define __EXTENSIONS__ 1
#define _ALL_SOURCE 1
#define _GNU_SOURCE 1
#define _POSIX_PTHREAD_SEMANTICS 1
#define _TANDEM_SOURCE 1
#define HAVE_ERRNO_H 1
#define HAVE_NETDB_H 1
#define HAVE_SYS_SOCKET_H 1
#define HAVE_STRING_H 1
#define HAVE_UNISTD_H 1

configure: exit 0

## ---------------------- ##
## Running config.status. ##
## ---------------------- ##

This file was extended by myBot config.status 0.1, which was
generated by GNU Autoconf 2.69.  Invocation command line was

  CONFIG_FILES    = 
  CONFIG_HEADERS  = 
  CONFIG_LINKS    = 
  CONFIG_COMMANDS = 
  $ ./config.status 

on spidermanron

config.status:843: creating Makefile
config.status:843: creating config.h

## ---------------------- ##
## Running config.status. ##
## ---------------------- ##

This file was extended by myBot config.status 0.1, which was
generated by GNU Autoconf 2.69.  Invocation command line was

  CONFIG_FILES    = 
  CONFIG_HEADERS  = 
  CONFIG_LINKS    = 
  CONFIG_COMMANDS = 
  $ ./config.status config.h

on spidermanron

config.status:843: creating config.h
config.status:1024: config.h is unchanged

## ---------------------- ##
## Running config.status. ##
## ---------------------- ##

This file was extended by myBot config.status 0.1, which was
generated by GNU Autoconf 2.69.  Invocation command line was

  CONFIG_FILES    = 
  CONFIG_HEADERS  = 
  CONFIG_LINKS    = 
  CONFIG_COMMANDS = 
  $ ./config.status Makefile

on spidermanron

config.status:843: creating Makefile
